<?xml version="1.0" encoding="UTF-8"?>
<testng-results ignored="0" total="1" passed="1" failed="0" skipped="0">
  <reporter-output>
  </reporter-output>
  <suite started-at="2024-06-28T14:37:40Z" name="Suite" finished-at="2024-06-28T14:37:45Z" duration-ms="5678">
    <groups>
    </groups>
    <test started-at="2024-06-28T14:37:40Z" name="Test" finished-at="2024-06-28T14:37:45Z" duration-ms="5678">
      <class name="com.tmb.testcases.OrangeHRMTests">
        <test-method is-config="true" signature="setUp()[pri:0, instance:com.tmb.testcases.OrangeHRMTests@19d481b]" started-at="2024-06-28T14:37:40Z" name="setUp" finished-at="2024-06-28T14:37:43Z" duration-ms="3294" status="PASS">
          <reporter-output>
          </reporter-output>
        </test-method> <!-- setUp -->
        <test-method signature="loginLogoutTest()[pri:0, instance:com.tmb.testcases.OrangeHRMTests@19d481b]" started-at="2024-06-28T14:37:43Z" name="loginLogoutTest" finished-at="2024-06-28T14:37:45Z" duration-ms="2142" status="PASS">
          <reporter-output>
          </reporter-output>
        </test-method> <!-- loginLogoutTest -->
        <test-method is-config="true" signature="teatDwon()[pri:0, instance:com.tmb.testcases.OrangeHRMTests@19d481b]" started-at="2024-06-28T14:37:45Z" name="teatDwon" finished-at="2024-06-28T14:37:45Z" duration-ms="218" status="PASS">
          <reporter-output>
          </reporter-output>
        </test-method> <!-- teatDwon -->
      </class> <!-- com.tmb.testcases.OrangeHRMTests -->
    </test> <!-- Test -->
  </suite> <!-- Suite -->
</testng-results>
