<?xml version="1.0" encoding="UTF-8"?>
<testng-results ignored="0" total="1" passed="1" failed="0" skipped="0">
  <reporter-output>
  </reporter-output>
  <suite started-at="2024-06-28T13:51:44Z" name="Suite" finished-at="2024-06-28T13:51:50Z" duration-ms="6146">
    <groups>
    </groups>
    <test started-at="2024-06-28T13:51:44Z" name="Test" finished-at="2024-06-28T13:51:50Z" duration-ms="6146">
      <class name="com.tmb.testcases.HomePageTests">
        <test-method is-config="true" signature="setUp()[pri:0, instance:com.tmb.testcases.HomePageTests@19d481b]" started-at="2024-06-28T13:51:44Z" name="setUp" finished-at="2024-06-28T13:51:48Z" duration-ms="4108" status="PASS">
          <reporter-output>
          </reporter-output>
        </test-method> <!-- setUp -->
        <test-method signature="test3()[pri:0, instance:com.tmb.testcases.HomePageTests@19d481b]" started-at="2024-06-28T13:51:48Z" name="test3" finished-at="2024-06-28T13:51:50Z" duration-ms="1735" status="PASS">
          <reporter-output>
          </reporter-output>
        </test-method> <!-- test3 -->
        <test-method is-config="true" signature="teatDwon()[pri:0, instance:com.tmb.testcases.HomePageTests@19d481b]" started-at="2024-06-28T13:51:50Z" name="teatDwon" finished-at="2024-06-28T13:51:50Z" duration-ms="278" status="PASS">
          <reporter-output>
          </reporter-output>
        </test-method> <!-- teatDwon -->
      </class> <!-- com.tmb.testcases.HomePageTests -->
    </test> <!-- Test -->
  </suite> <!-- Suite -->
</testng-results>
